<?xml version="1.0" encoding="UTF-8"?>
<!-- Generated by org.testng.reporters.JUnitReportReporter -->
<testsuite hostname="EGCA1-0091" failures="0" tests="2" name="test.main" time="63.105" errors="0" timestamp="2021-10-08T23:09:10 EET" skipped="0">
  <testcase classname="test.main" name="testScrollingWithAppium" time="27.962"/>
  <system-out/>
  <testcase classname="test.main" name="testDragAndDropWithAppium" time="35.143"/>
  <system-out/>
</testsuite> <!-- test.main -->
